<?xml version="1.0" encoding="UTF-8"?>
<testng-results skipped="0" failed="0" ignored="0" total="1" passed="1">
  <reporter-output>
  </reporter-output>
  <suite name="qidian" duration-ms="32687" started-at="2019-12-02T07:09:46Z" finished-at="2019-12-02T07:10:19Z">
    <groups>
    </groups>
    <test name="test1" duration-ms="32687" started-at="2019-12-02T07:09:46Z" finished-at="2019-12-02T07:10:19Z">
      <class name="com.liu.test.BeforeTest">
        <test-method status="PASS" signature="before()[pri:0, instance:com.liu.test.BeforeTest@53b32d7]" name="before" duration-ms="32654" started-at="2019-12-02T07:09:46Z" finished-at="2019-12-02T07:10:19Z">
          <reporter-output>
          </reporter-output>
        </test-method> <!-- before -->
      </class> <!-- com.liu.test.BeforeTest -->
    </test> <!-- test1 -->
  </suite> <!-- qidian -->
</testng-results>
